<?xml version="1.0" encoding="UTF-8"?>
<!-- Generated by org.testng.reporters.JUnitXMLReporter -->
<testsuite ignored="0" hostname="MSI" failures="1" tests="2" name="Surefire test" time="63.392" errors="0" timestamp="2021-08-08T10:15:06 WIB">
  <testcase classname="test.TestFilter" name="filterGift" time="12.551"/>
  <testcase classname="test.TestFilter2" name="dataNotFound" time="39.127">
    <failure type="org.openqa.selenium.TimeoutException" message="Expected condition failed: waiting for wait.WaitUntil$1@4acf72b6 (tried for 30 second(s) with 3000 milliseconds interval)
Build info: version: &amp;apos;3.141.59&amp;apos;, revision: &amp;apos;e82be7d358&amp;apos;, time: &amp;apos;2018-11-14T08:17:03&amp;apos;
System info: host: &amp;apos;MSI&amp;apos;, ip: &amp;apos;192.168.1.10&amp;apos;, os.name: &amp;apos;Windows 10&amp;apos;, os.arch: &amp;apos;amd64&amp;apos;, os.version: &amp;apos;10.0&amp;apos;, java.version: &amp;apos;16.0.2&amp;apos;
Driver info: driver.version: unknown">
      <![CDATA[org.openqa.selenium.TimeoutException: Expected condition failed: waiting for wait.WaitUntil$1@4acf72b6 (tried for 30 second(s) with 3000 milliseconds interval)
Build info: version: '3.141.59', revision: 'e82be7d358', time: '2018-11-14T08:17:03'
System info: host: 'MSI', ip: '192.168.1.10', os.name: 'Windows 10', os.arch: 'amd64', os.version: '10.0', java.version: '16.0.2'
Driver info: driver.version: unknown
at org.openqa.selenium.support.ui.FluentWait.timeoutException(FluentWait.java:304)
at org.openqa.selenium.support.ui.FluentWait.until(FluentWait.java:272)
at wait.WaitUntil.waitUntilElement(WaitUntil.java:24)
at test.TestFilter2.dataNotFound(TestFilter2.java:79)
at java.base/java.util.ArrayList.forEach(ArrayList.java:1511)
... Removed 32 stack frames]]>
    </failure>
  </testcase> <!-- dataNotFound -->
</testsuite> <!-- Surefire test -->
