<?xml version="1.0" encoding="UTF-8"?>
<testng-results ignored="0" total="1" passed="1" failed="0" skipped="0">
  <reporter-output>
  </reporter-output>
  <suite started-at="2021-08-12T23:57:06 WIB" name="Suite" finished-at="2021-08-12T23:57:30 WIB" duration-ms="23410">
    <groups>
    </groups>
    <test started-at="2021-08-12T23:57:06 WIB" name="Filter Not Found" finished-at="2021-08-12T23:57:30 WIB" duration-ms="23410">
      <class name="test.FilterFound">
        <test-method is-config="true" signature="setUp()[pri:0, instance:test.FilterFound@75f9eccc]" started-at="2021-08-12T23:57:06 WIB" name="setUp" finished-at="2021-08-12T23:57:08 WIB" duration-ms="1661" status="PASS">
          <reporter-output>
          </reporter-output>
        </test-method> <!-- setUp -->
        <test-method signature="filterGift()[pri:0, instance:test.FilterFound@75f9eccc]" started-at="2021-08-12T23:57:08 WIB" name="filterGift" finished-at="2021-08-12T23:57:25 WIB" duration-ms="17207" status="PASS">
          <reporter-output>
          </reporter-output>
        </test-method> <!-- filterGift -->
        <test-method is-config="true" signature="tearDown()[pri:0, instance:test.FilterFound@75f9eccc]" started-at="2021-08-12T23:57:25 WIB" name="tearDown" finished-at="2021-08-12T23:57:30 WIB" duration-ms="4511" status="PASS">
          <reporter-output>
          </reporter-output>
        </test-method> <!-- tearDown -->
      </class> <!-- test.FilterFound -->
    </test> <!-- Filter Not Found -->
  </suite> <!-- Suite -->
</testng-results>
