<?xml version="1.0" encoding="UTF-8"?>
<testng-results ignored="0" total="1" passed="1" failed="0" skipped="0">
  <reporter-output>
  </reporter-output>
  <suite started-at="2021-08-08T00:17:42 WIB" name="Surefire suite" finished-at="2021-08-08T00:18:02 WIB" duration-ms="19718">
    <groups>
    </groups>
    <test started-at="2021-08-08T00:17:42 WIB" name="Surefire test" finished-at="2021-08-08T00:18:02 WIB" duration-ms="19718">
      <class name="test.TestFilter">
        <test-method is-config="true" signature="setUp()[pri:0, instance:test.TestFilter@1d7acb34]" started-at="2021-08-08T00:17:42 WIB" name="setUp" finished-at="2021-08-08T00:17:44 WIB" duration-ms="1825" status="PASS">
          <reporter-output>
          </reporter-output>
        </test-method> <!-- setUp -->
        <test-method signature="filterGift()[pri:0, instance:test.TestFilter@1d7acb34]" started-at="2021-08-08T00:17:44 WIB" name="filterGift" finished-at="2021-08-08T00:17:58 WIB" duration-ms="13601" status="PASS">
          <reporter-output>
          </reporter-output>
        </test-method> <!-- filterGift -->
        <test-method is-config="true" signature="tearDown()[pri:0, instance:test.TestFilter@1d7acb34]" started-at="2021-08-08T00:17:58 WIB" name="tearDown" finished-at="2021-08-08T00:18:02 WIB" duration-ms="4261" status="PASS">
          <reporter-output>
          </reporter-output>
        </test-method> <!-- tearDown -->
      </class> <!-- test.TestFilter -->
    </test> <!-- Surefire test -->
  </suite> <!-- Surefire suite -->
</testng-results>
