<?xml version="1.0" encoding="UTF-8"?>
<testng-results ignored="0" total="1" passed="1" failed="0" skipped="0">
  <reporter-output>
  </reporter-output>
  <suite started-at="2021-08-08T11:19:19 WIB" name="Suite" finished-at="2021-08-08T11:19:34 WIB" duration-ms="14359">
    <groups>
    </groups>
    <test started-at="2021-08-08T11:19:19 WIB" name="Filter Not Found" finished-at="2021-08-08T11:19:34 WIB" duration-ms="14359">
      <class name="test.FilterNotFound">
        <test-method is-config="true" signature="setUp()[pri:0, instance:test.FilterNotFound@419c5f1a]" started-at="2021-08-08T11:19:19 WIB" name="setUp" finished-at="2021-08-08T11:19:22 WIB" duration-ms="3042" status="PASS">
          <reporter-output>
          </reporter-output>
        </test-method> <!-- setUp -->
        <test-method signature="dataNotFound()[pri:0, instance:test.FilterNotFound@419c5f1a]" started-at="2021-08-08T11:19:22 WIB" name="dataNotFound" finished-at="2021-08-08T11:19:33 WIB" duration-ms="10656" status="PASS">
          <reporter-output>
          </reporter-output>
        </test-method> <!-- dataNotFound -->
        <test-method is-config="true" signature="tearDown()[pri:0, instance:test.FilterNotFound@419c5f1a]" started-at="2021-08-08T11:19:33 WIB" name="tearDown" finished-at="2021-08-08T11:19:34 WIB" duration-ms="540" status="PASS">
          <reporter-output>
          </reporter-output>
        </test-method> <!-- tearDown -->
      </class> <!-- test.FilterNotFound -->
    </test> <!-- Filter Not Found -->
  </suite> <!-- Suite -->
</testng-results>
